<?xml version="1.0" encoding="UTF-8"?>
<!-- Generated by org.testng.reporters.JUnitReportReporter -->
<testsuite skipped="0" hostname="LAPTOP-TK96QQBN" name="com.syntax.class3.LoginPageTest" tests="3" failures="0" timestamp="2020-09-03T21:29:36 EDT" time="48.362" errors="0">
  <testcase name="multipleLogin" time="15.743" classname="com.syntax.class3.LoginPageTest"/>
  <system-out/>
  <testcase name="multipleLogin" time="19.654" classname="com.syntax.class3.LoginPageTest"/>
  <system-out/>
  <testcase name="multipleLogin" time="12.965" classname="com.syntax.class3.LoginPageTest"/>
  <system-out/>
</testsuite> <!-- com.syntax.class3.LoginPageTest -->
