<?xml version="1.0" encoding="UTF-8"?>
<!-- Generated by org.testng.reporters.JUnitReportReporter -->
<testsuite skipped="0" hostname="LAPTOP-TK96QQBN" name="com.syntax.class2.IssueWithoutAssertion" tests="1" failures="0" timestamp="2020-09-05T12:09:11 EDT" time="10.472" errors="0">
  <testcase name="title" time="10.472" classname="com.syntax.class2.IssueWithoutAssertion"/>
  <system-out/>
</testsuite> <!-- com.syntax.class2.IssueWithoutAssertion -->
