<?xml version="1.0" encoding="UTF-8"?>
<!-- Generated by org.testng.reporters.JUnitReportReporter -->
<testsuite skipped="0" hostname="LAPTOP-TK96QQBN" name="com.syntax.class2.HardAssertionExample" tests="2" failures="0" timestamp="2020-09-05T12:09:11 EDT" time="21.531" errors="0">
  <testcase name="loginFormText" time="9.475" classname="com.syntax.class2.HardAssertionExample"/>
  <system-out/>
  <testcase name="logoValidation" time="12.056" classname="com.syntax.class2.HardAssertionExample"/>
  <system-out/>
</testsuite> <!-- com.syntax.class2.HardAssertionExample -->
