<?xml version="1.0" encoding="UTF-8"?>
<!-- Generated by org.testng.reporters.JUnitReportReporter -->
<testsuite skipped="0" hostname="LAPTOP-TK96QQBN" name="com.syntax.class1.DifferentAnnotations" tests="3" failures="0" timestamp="2020-08-29T12:29:21 EDT" time="0.014" errors="0">
  <testcase name="testMethod" time="0.009" classname="com.syntax.class1.DifferentAnnotations"/>
  <system-out/>
  <testcase name="testMethod3" time="0.003" classname="com.syntax.class1.DifferentAnnotations"/>
  <system-out/>
  <testcase name="testMethod2" time="0.002" classname="com.syntax.class1.DifferentAnnotations"/>
  <system-out/>
</testsuite> <!-- com.syntax.class1.DifferentAnnotations -->
