<?xml version="1.0" encoding="UTF-8"?>
<!-- Generated by org.testng.reporters.JUnitReportReporter -->
<testsuite skipped="0" hostname="LAPTOP-TK96QQBN" name="com.syntax.class1.Dependencies" tests="2" failures="0" timestamp="2020-08-29T14:37:51 EDT" time="0.009" errors="0">
  <testcase name="checkReport" time="0.001" classname="com.syntax.class1.Dependencies"/>
  <system-out/>
  <testcase name="login" time="0.008" classname="com.syntax.class1.Dependencies"/>
  <system-out/>
</testsuite> <!-- com.syntax.class1.Dependencies -->
