<?xml version="1.0" encoding="UTF-8"?>
<!-- Generated by org.testng.reporters.JUnitReportReporter -->
<testsuite skipped="0" hostname="LAPTOP-TK96QQBN" name="com.syntax.class1.ClassTask" tests="2" failures="0" timestamp="2020-08-29T12:41:26 EDT" time="0.010" errors="0">
  <testcase name="method1" time="0.008" classname="com.syntax.class1.ClassTask"/>
  <system-out/>
  <testcase name="method2" time="0.002" classname="com.syntax.class1.ClassTask"/>
  <system-out/>
</testsuite> <!-- com.syntax.class1.ClassTask -->
