<?xml version="1.0" encoding="UTF-8"?>
<!-- Generated by org.testng.reporters.JUnitReportReporter -->
<testsuite skipped="1" hostname="LAPTOP-TK96QQBN" name="com.syntax.class1.HrmsTestCases" tests="2" failures="0" timestamp="2020-08-29T14:25:38 EDT" time="16.756" errors="0">
  <testcase name="validLogin" time="16.756" classname="com.syntax.class1.HrmsTestCases"/>
  <system-out/>
  <testcase name="title" classname="com.syntax.class1.HrmsTestCases">
    <skipped/>
  </testcase> <!-- title -->
  <system-out/>
</testsuite> <!-- com.syntax.class1.HrmsTestCases -->
