<?xml version="1.0" encoding="UTF-8"?>
<!-- Generated by org.testng.reporters.JUnitReportReporter -->
<testsuite skipped="0" hostname="LAPTOP-TK96QQBN" name="com.syntax.class2.AllAnnotations" tests="2" failures="0" timestamp="2020-08-30T14:25:40 EDT" time="0.010" errors="0">
  <testcase name="testMethod" time="0.008" classname="com.syntax.class2.AllAnnotations"/>
  <system-out/>
  <testcase name="testMethod" time="0.002" classname="com.syntax.class2.AllAnnotations"/>
  <system-out/>
</testsuite> <!-- com.syntax.class2.AllAnnotations -->
