<?xml version="1.0" encoding="UTF-8"?>
<!-- Generated by org.testng.reporters.JUnitReportReporter -->
<testsuite skipped="0" hostname="LAPTOP-TK96QQBN" name="com.syntax.class1.ClassTask2" tests="2" failures="0" timestamp="2020-08-29T14:08:33 EDT" time="23.570" errors="0">
  <testcase name="logo" time="13.073" classname="com.syntax.class1.ClassTask2"/>
  <system-out/>
  <testcase name="login" time="10.497" classname="com.syntax.class1.ClassTask2"/>
  <system-out/>
</testsuite> <!-- com.syntax.class1.ClassTask2 -->
