<?xml version="1.0" encoding="UTF-8"?>
<!-- Generated by org.testng.reporters.JUnitReportReporter -->
<testsuite skipped="0" hostname="LAPTOP-TK96QQBN" name="com.syntax.class2.Dependencies" tests="2" failures="0" timestamp="2020-08-30T14:12:28 EDT" time="25.384" errors="0">
  <testcase name="title" time="10.954" classname="com.syntax.class2.Dependencies"/>
  <system-out/>
  <testcase name="validLogin" time="14.430" classname="com.syntax.class2.Dependencies"/>
  <system-out/>
</testsuite> <!-- com.syntax.class2.Dependencies -->
